<?xml version="1.0" encoding="UTF-8"?>
<testng-results skipped="0" failed="0" ignored="0" total="1" passed="1">
  <reporter-output>
  </reporter-output>
  <suite name="Surefire suite" duration-ms="34016" started-at="2019-05-09T08:10:55Z" finished-at="2019-05-09T08:11:29Z">
    <groups>
      <group name="cucumber">
        <method signature="AbstractTestNGCucumberTests.runScenario(cucumber.api.testng.PickleEventWrapper, cucumber.api.testng.CucumberFeatureWrapper)[pri:0, instance:Run@61832929]" name="runScenario" class="cucumber.api.testng.AbstractTestNGCucumberTests"/>
      </group> <!-- cucumber -->
    </groups>
    <test name="Surefire test" duration-ms="34016" started-at="2019-05-09T08:10:55Z" finished-at="2019-05-09T08:11:29Z">
      <class name="Run">
        <test-method status="PASS" signature="setUpClass()[pri:0, instance:Run@61832929]" name="setUpClass" is-config="true" duration-ms="110" started-at="2019-05-09T08:10:55Z" finished-at="2019-05-09T08:10:55Z">
          <reporter-output>
          </reporter-output>
        </test-method> <!-- setUpClass -->
        <test-method status="PASS" signature="runScenario(cucumber.api.testng.PickleEventWrapper, cucumber.api.testng.CucumberFeatureWrapper)[pri:0, instance:Run@61832929]" name="runScenario" duration-ms="32598" started-at="2019-05-09T08:10:55Z" description="Runs Cucumber Scenarios" data-provider="scenarios" finished-at="2019-05-09T08:11:28Z">
          <params>
            <param index="0">
              <value>
                <![CDATA["login with correct credentail"]]>
              </value>
            </param>
            <param index="1">
              <value>
                <![CDATA["Login"]]>
              </value>
            </param>
          </params>
          <reporter-output>
          </reporter-output>
        </test-method> <!-- runScenario -->
        <test-method status="PASS" signature="tearDownClass()[pri:0, instance:Run@61832929]" name="tearDownClass" is-config="true" duration-ms="1268" started-at="2019-05-09T08:11:28Z" finished-at="2019-05-09T08:11:29Z">
          <reporter-output>
          </reporter-output>
        </test-method> <!-- tearDownClass -->
      </class> <!-- Run -->
    </test> <!-- Surefire test -->
  </suite> <!-- Surefire suite -->
</testng-results>
